<?xml version="1.0" encoding="UTF-8"?>
<testsuite name="As a user, i want to login into the Mektoube" tests="1" skipped="0" failures="0" errors="0" timestamp="2021-01-29T02:52:16" hostname="hoaithanh-OptiPlex-7010" time="24.299">
  <properties/>
  <testcase name="login successfully" classname="As a user, i want to login into the Mektoube" time="24.299"/>
  <system-out><![CDATA[go to the https://mektoube.fr/login
insert the username
insert the password
Click login button
login Successfully
]]></system-out>
  <system-err><![CDATA[Starting ChromeDriver 87.0.4280.88 (89e2380a3e36c3464b5dd1302349b1382549290d-refs/branch-heads/4280@{#1761}) on port 27035
Only local connections are allowed.
Please see https://chromedriver.chromium.org/security-considerations for suggestions on keeping ChromeDriver safe.
ChromeDriver was started successfully.
[1611888737,644][WARNING]: This version of ChromeDriver has not been tested with Chrome version 88.
Jan 29, 2021 9:52:17 AM org.openqa.selenium.remote.ProtocolHandshake createSession
INFO: Detected dialect: W3C
]]></system-err>
</testsuite>
